#
# There is insufficient memory for the Java Runtime Environment to continue.
# Native memory allocation (malloc) failed to allocate 202720 bytes for Chunk::new
# Possible reasons:
#   The system is out of physical RAM or swap space
#   In 32 bit mode, the process size limit was hit
# Possible solutions:
#   Reduce memory load on the system
#   Increase physical memory or swap space
#   Check if swap backing store is full
#   Use 64 bit Java on a 64 bit OS
#   Decrease Java heap size (-Xmx/-Xms)
#   Decrease number of Java threads
#   Decrease Java thread stack sizes (-Xss)
#   Set larger code cache with -XX:ReservedCodeCacheSize=
# This output file may be truncated or incomplete.
#
#  Out of Memory Error (allocation.cpp:389), pid=2648, tid=0x00000b20
#
# JRE version: OpenJDK Runtime Environment (8.0_382-b05) (build 1.8.0_382-b05)
# Java VM: OpenJDK Server VM (25.382-b05 mixed mode windows-x86 )
# Failed to write core dump. Minidumps are not enabled by default on client versions of Windows
#

---------------  T H R E A D  ---------------

Current thread (0x403ef800):  JavaThread "C2 CompilerThread1" daemon [_thread_in_native, id=2848, stack(0x40900000,0x40950000)]

Stack: [0x40900000,0x40950000],  sp=0x4094e27c,  free space=312k
Native frames: (J=compiled Java code, j=interpreted, Vv=VM code, C=native code)
V  [jvm.dll+0x1aab5b]
V  [jvm.dll+0x1a2f73]
V  [jvm.dll+0x82810]
V  [jvm.dll+0x82eeb]
V  [jvm.dll+0x9a440]
V  [jvm.dll+0x336c7f]
V  [jvm.dll+0x369a38]
V  [jvm.dll+0x328cad]
V  [jvm.dll+0x32a273]
V  [jvm.dll+0x328733]
V  [jvm.dll+0x3182f6]
V  [jvm.dll+0x63659]
V  [jvm.dll+0x624ed]
V  [jvm.dll+0x17bdac]
V  [jvm.dll+0x1bded7]
C  [msvcr120.dll+0x2c129]
C  [msvcr120.dll+0x2c10d]
C  [KERNEL32.DLL+0x1fcc9]
C  [ntdll.dll+0x6809e]
C  [ntdll.dll+0x6806e]
C  0x00000000


Current CompileTask:
C2:   1717 1360   !   4       java.lang.ClassLoader::loadClass (122 bytes)


---------------  P R O C E S S  ---------------

Java Threads: ( => current thread )
  0x40474800 JavaThread "Service Thread" daemon [_thread_blocked, id=1128, stack(0x40a20000,0x40a70000)]
  0x40436400 JavaThread "C1 CompilerThread2" daemon [_thread_in_native, id=12032, stack(0x40990000,0x409e0000)]
=>0x403ef800 JavaThread "C2 CompilerThread1" daemon [_thread_in_native, id=2848, stack(0x40900000,0x40950000)]
  0x403eec00 JavaThread "C2 CompilerThread0" daemon [_thread_in_native, id=15096, stack(0x40870000,0x408c0000)]
  0x403ea000 JavaThread "Monitor Ctrl-Break" daemon [_thread_in_native, id=3964, stack(0x407e0000,0x40830000)]
  0x403a6000 JavaThread "Attach Listener" daemon [_thread_blocked, id=10208, stack(0x40750000,0x407a0000)]
  0x403a5400 JavaThread "Signal Dispatcher" daemon [_thread_blocked, id=3340, stack(0x406c0000,0x40710000)]
  0x40359c00 JavaThread "Finalizer" daemon [_thread_blocked, id=8144, stack(0x40170000,0x401c0000)]
  0x40354000 JavaThread "Reference Handler" daemon [_thread_blocked, id=3744, stack(0x400e0000,0x40130000)]
  0x01337800 JavaThread "main" [_thread_in_vm, id=14036, stack(0x02e20000,0x02e70000)]

Other Threads:
  0x402da400 VMThread [stack: 0x40050000,0x400a0000] [id=4432]
  0x40476c00 WatcherThread [stack: 0x40ab0000,0x40b00000] [id=3008]

VM state:not at safepoint (normal execution)

VM Mutex/Monitor currently owned by a thread: None

Heap:
 PSYoungGen      total 35840K, used 19074K [0x2f6c0000, 0x31c40000, 0x3e000000)
  eden space 33280K, 49% used [0x2f6c0000,0x306e4120,0x31740000)
  from space 2560K, 99% used [0x319c0000,0x31c3c838,0x31c40000)
  to   space 2560K, 0% used [0x31740000,0x31740000,0x319c0000)
 ParOldGen       total 43776K, used 4447K [0x12400000, 0x14ec0000, 0x2f6c0000)
  object space 43776K, 10% used [0x12400000,0x12857ca0,0x14ec0000)
 Metaspace       used 9671K, capacity 9954K, committed 9984K, reserved 11648K

Card table byte_map: [0x12260000,0x123c0000] byte_map_base: 0x121ce000

Marking Bits: (ParMarkBitMap*) 0x5e6a5758
 Begin Bits: [0x3e2f0000, 0x3ede0000)
 End Bits:   [0x3ede0000, 0x3f8d0000)

Polling page: 0x02e70000

CodeCache: size=245760Kb used=3935Kb max_used=3935Kb free=241824Kb
 bounds [0x02ea0000, 0x03280000, 0x11ea0000]
 total_blobs=1568 nmethods=1370 adapters=111
 compilation: enabled

Compilation events (10 events):
Event: 1.676 Thread 0x40436400 nmethod 1362 0x032737c8 code [0x032738c0, 0x03273980]
Event: 1.680 Thread 0x403eec00 nmethod 1361 0x03278c48 code [0x03278d60, 0x03279090]
Event: 1.689 Thread 0x40436400 1363       3       java.util.Collections$EmptySet::iterator (4 bytes)
Event: 1.689 Thread 0x40436400 nmethod 1363 0x03273508 code [0x03273620, 0x03273740]
Event: 1.689 Thread 0x40436400 1364       3       org.eclipse.sisu.space.asm.ByteVector::putShort (52 bytes)
Event: 1.689 Thread 0x40436400 nmethod 1364 0x03273108 code [0x03273220, 0x032733ac]
Event: 1.689 Thread 0x40436400 1365       1       java.lang.reflect.Constructor::getModifiers (5 bytes)
Event: 1.690 Thread 0x40436400 nmethod 1365 0x03278a48 code [0x03278b40, 0x03278be0]
Event: 1.692 Thread 0x40436400 1366       3       java.util.LinkedHashMap$LinkedValueIterator::next (8 bytes)
Event: 1.692 Thread 0x40436400 nmethod 1366 0x03278708 code [0x03278820, 0x0327898c]

GC Heap History (8 events):
Event: 0.660 GC heap before
{Heap before GC invocations=1 (full 0):
 PSYoungGen      total 19200K, used 16640K [0x2f6c0000, 0x30c00000, 0x3e000000)
  eden space 16640K, 100% used [0x2f6c0000,0x30700000,0x30700000)
  from space 2560K, 0% used [0x30980000,0x30980000,0x30c00000)
  to   space 2560K, 0% used [0x30700000,0x30700000,0x30980000)
 ParOldGen       total 43776K, used 0K [0x12400000, 0x14ec0000, 0x2f6c0000)
  object space 43776K, 0% used [0x12400000,0x12400000,0x14ec0000)
 Metaspace       used 5209K, capacity 5416K, committed 5504K, reserved 5504K
Event: 0.662 GC heap after
Heap after GC invocations=1 (full 0):
 PSYoungGen      total 19200K, used 2549K [0x2f6c0000, 0x30c00000, 0x3e000000)
  eden space 16640K, 0% used [0x2f6c0000,0x2f6c0000,0x30700000)
  from space 2560K, 99% used [0x30700000,0x3097d7e0,0x30980000)
  to   space 2560K, 0% used [0x30980000,0x30980000,0x30c00000)
 ParOldGen       total 43776K, used 142K [0x12400000, 0x14ec0000, 0x2f6c0000)
  object space 43776K, 0% used [0x12400000,0x12423920,0x14ec0000)
 Metaspace       used 5209K, capacity 5416K, committed 5504K, reserved 5504K
}
Event: 0.962 GC heap before
{Heap before GC invocations=2 (full 0):
 PSYoungGen      total 19200K, used 19189K [0x2f6c0000, 0x30c00000, 0x3e000000)
  eden space 16640K, 100% used [0x2f6c0000,0x30700000,0x30700000)
  from space 2560K, 99% used [0x30700000,0x3097d7e0,0x30980000)
  to   space 2560K, 0% used [0x30980000,0x30980000,0x30c00000)
 ParOldGen       total 43776K, used 142K [0x12400000, 0x14ec0000, 0x2f6c0000)
  object space 43776K, 0% used [0x12400000,0x12423920,0x14ec0000)
 Metaspace       used 7023K, capacity 7291K, committed 7296K, reserved 7552K
Event: 0.968 GC heap after
Heap after GC invocations=2 (full 0):
 PSYoungGen      total 19200K, used 2556K [0x2f6c0000, 0x31c40000, 0x3e000000)
  eden space 16640K, 0% used [0x2f6c0000,0x2f6c0000,0x30700000)
  from space 2560K, 99% used [0x30980000,0x30bff008,0x30c00000)
  to   space 2560K, 0% used [0x30700000,0x30700000,0x30980000)
 ParOldGen       total 43776K, used 1435K [0x12400000, 0x14ec0000, 0x2f6c0000)
  object space 43776K, 3% used [0x12400000,0x12566e68,0x14ec0000)
 Metaspace       used 7023K, capacity 7291K, committed 7296K, reserved 7552K
}
Event: 1.235 GC heap before
{Heap before GC invocations=3 (full 0):
 PSYoungGen      total 19200K, used 19196K [0x2f6c0000, 0x31c40000, 0x3e000000)
  eden space 16640K, 100% used [0x2f6c0000,0x30700000,0x30700000)
  from space 2560K, 99% used [0x30980000,0x30bff008,0x30c00000)
  to   space 2560K, 0% used [0x30700000,0x30700000,0x30980000)
 ParOldGen       total 43776K, used 1435K [0x12400000, 0x14ec0000, 0x2f6c0000)
  object space 43776K, 3% used [0x12400000,0x12566e68,0x14ec0000)
 Metaspace       used 7716K, capacity 7947K, committed 8064K, reserved 8576K
Event: 1.241 GC heap after
Heap after GC invocations=3 (full 0):
 PSYoungGen      total 19200K, used 2554K [0x2f6c0000, 0x31c40000, 0x3e000000)
  eden space 16640K, 0% used [0x2f6c0000,0x2f6c0000,0x30700000)
  from space 2560K, 99% used [0x30700000,0x3097ea00,0x30980000)
  to   space 2560K, 0% used [0x319c0000,0x319c0000,0x31c40000)
 ParOldGen       total 43776K, used 2529K [0x12400000, 0x14ec0000, 0x2f6c0000)
  object space 43776K, 5% used [0x12400000,0x12678600,0x14ec0000)
 Metaspace       used 7716K, capacity 7947K, committed 8064K, reserved 8576K
}
Event: 1.443 GC heap before
{Heap before GC invocations=4 (full 0):
 PSYoungGen      total 19200K, used 19194K [0x2f6c0000, 0x31c40000, 0x3e000000)
  eden space 16640K, 100% used [0x2f6c0000,0x30700000,0x30700000)
  from space 2560K, 99% used [0x30700000,0x3097ea00,0x30980000)
  to   space 2560K, 0% used [0x319c0000,0x319c0000,0x31c40000)
 ParOldGen       total 43776K, used 2529K [0x12400000, 0x14ec0000, 0x2f6c0000)
  object space 43776K, 5% used [0x12400000,0x12678600,0x14ec0000)
 Metaspace       used 8420K, capacity 8661K, committed 8704K, reserved 9600K
Event: 1.448 GC heap after
Heap after GC invocations=4 (full 0):
 PSYoungGen      total 35840K, used 2546K [0x2f6c0000, 0x31c40000, 0x3e000000)
  eden space 33280K, 0% used [0x2f6c0000,0x2f6c0000,0x31740000)
  from space 2560K, 99% used [0x319c0000,0x31c3c838,0x31c40000)
  to   space 2560K, 0% used [0x31740000,0x31740000,0x319c0000)
 ParOldGen       total 43776K, used 4447K [0x12400000, 0x14ec0000, 0x2f6c0000)
  object space 43776K, 10% used [0x12400000,0x12857ca0,0x14ec0000)
 Metaspace       used 8420K, capacity 8661K, committed 8704K, reserved 9600K
}

Deoptimization events (9 events):
Event: 0.157 Thread 0x01337800 Uncommon trap: reason=null_check action=make_not_entrant pc=0x02f4f3e8 method=java.lang.String.equals(Ljava/lang/Object;)Z @ 8
Event: 0.689 Thread 0x01337800 Uncommon trap: reason=unstable_if action=reinterpret pc=0x02fefd18 method=java.lang.String.indexOf([CII[CIII)I @ 3
Event: 0.971 Thread 0x01337800 Uncommon trap: reason=unstable_if action=reinterpret pc=0x031248d8 method=sun.nio.cs.StreamDecoder.implRead([CII)I @ 71
Event: 1.027 Thread 0x01337800 Uncommon trap: reason=unstable_if action=reinterpret pc=0x0311f77c method=java.io.Reader.read()I @ 12
Event: 1.033 Thread 0x01337800 Uncommon trap: reason=unstable_if action=reinterpret pc=0x03128840 method=org.codehaus.plexus.util.xml.pull.MXParser.nextImpl()I @ 241
Event: 1.068 Thread 0x01337800 Uncommon trap: reason=unstable_if action=reinterpret pc=0x0312ce68 method=sun.nio.cs.StreamDecoder.implRead([CII)I @ 197
Event: 1.091 Thread 0x01337800 Uncommon trap: reason=unstable_if action=reinterpret pc=0x030e45e4 method=java.util.HashMap.getNode(ILjava/lang/Object;)Ljava/util/HashMap$Node; @ 129
Event: 1.092 Thread 0x01337800 Uncommon trap: reason=unstable_if action=reinterpret pc=0x030e4b88 method=java.util.HashMap.getNode(ILjava/lang/Object;)Ljava/util/HashMap$Node; @ 129
Event: 1.475 Thread 0x01337800 Uncommon trap: reason=unstable_if action=reinterpret pc=0x0318bd4c method=java.lang.String.lastIndexOf([CII[CIII)I @ 118

Classes redefined (0 events):
No events

Internal exceptions (10 events):
Event: 0.355 Thread 0x40e5cc00 Exception <a 'java/security/PrivilegedActionException'> (0x2fe20150) thrown at [C:\wsjdk\Corretto8Src\installers\windows\zip\corretto-build\buildRoot\hotspot\src\share\vm\prims\jvm.cpp, line 1514]
Event: 0.356 Thread 0x01337800 Exception <a 'java/security/PrivilegedActionException'> (0x2fe5e400) thrown at [C:\wsjdk\Corretto8Src\installers\windows\zip\corretto-build\buildRoot\hotspot\src\share\vm\prims\jvm.cpp, line 1514]
Event: 0.356 Thread 0x01337800 Exception <a 'java/security/PrivilegedActionException'> (0x2fe5e7e0) thrown at [C:\wsjdk\Corretto8Src\installers\windows\zip\corretto-build\buildRoot\hotspot\src\share\vm\prims\jvm.cpp, line 1514]
Event: 0.374 Thread 0x01337800 Exception <a 'sun/nio/fs/WindowsException'> (0x2fed27c0) thrown at [C:\wsjdk\Corretto8Src\installers\windows\zip\corretto-build\buildRoot\hotspot\src\share\vm\prims\jni.cpp, line 709]
Event: 0.543 Thread 0x01337800 Exception <a 'java/lang/NoSuchMethodError': java.lang.Object.lambda$identity$2(Ljava/lang/Object;)Ljava/lang/Object;> (0x3034f7b8) thrown at [C:\wsjdk\Corretto8Src\installers\windows\zip\corretto-build\buildRoot\hotspot\src\share\vm\interpreter\linkResolv
Event: 0.559 Thread 0x01337800 Exception <a 'java/lang/NoSuchMethodError': java.lang.Object.lambda$andThen$1(Ljava/util/function/Function;Ljava/lang/Object;)Ljava/lang/Object;> (0x3037ed08) thrown at [C:\wsjdk\Corretto8Src\installers\windows\zip\corretto-build\buildRoot\hotspot\src\sha
Event: 0.825 Thread 0x01337800 Exception <a 'java/lang/NoSuchMethodError': java.lang.Object.lambda$comparing$77a9974f$1(Ljava/util/function/Function;Ljava/lang/Object;Ljava/lang/Object;)I> (0x2ff90ec8) thrown at [C:\wsjdk\Corretto8Src\installers\windows\zip\corretto-build\buildRoot\hot
Event: 0.828 Thread 0x01337800 Exception <a 'java/lang/NoSuchMethodError': java.lang.Object.lambda$comparing$ea9a8b3a$1(Ljava/util/Comparator;Ljava/util/function/Function;Ljava/lang/Object;Ljava/lang/Object;)I> (0x2ffa18f0) thrown at [C:\wsjdk\Corretto8Src\installers\windows\zip\corret
Event: 0.828 Thread 0x01337800 Exception <a 'java/lang/NoSuchMethodError': java.lang.Object.lambda$thenComparing$36697e65$1(Ljava/util/Comparator;Ljava/lang/Object;Ljava/lang/Object;)I> (0x2ffa92e0) thrown at [C:\wsjdk\Corretto8Src\installers\windows\zip\corretto-build\buildRoot\hotspo
Event: 0.926 Thread 0x01337800 Exception <a 'java/lang/NoClassDefFoundError': javax/enterprise/inject/Typed> (0x304407f0) thrown at [C:\wsjdk\Corretto8Src\installers\windows\zip\corretto-build\buildRoot\hotspot\src\share\vm\classfile\systemDictionary.cpp, line 206]

Events (10 events):
Event: 1.694 loading class org/apache/maven/plugin/PluginParameterException
Event: 1.694 loading class org/apache/maven/plugin/PluginParameterException done
Event: 1.694 loading class org/codehaus/plexus/configuration/PlexusConfigurationException
Event: 1.694 loading class org/codehaus/plexus/configuration/PlexusConfigurationException done
Event: 1.694 loading class org/codehaus/plexus/component/composition/CycleDetectedInComponentGraphException
Event: 1.694 loading class org/codehaus/plexus/component/composition/CycleDetectedInComponentGraphException done
Event: 1.695 loading class org/apache/maven/plugin/logging/Log
Event: 1.695 loading class org/apache/maven/plugin/logging/Log done
Event: 1.696 loading class org/codehaus/plexus/component/configurator/ConfigurationListener
Event: 1.696 loading class org/codehaus/plexus/component/configurator/ConfigurationListener done


Dynamic libraries:
0x001f0000 - 0x00226000 	C:\Program Files (x86)\Amazon Corretto\jdk1.8.0_382\bin\java.exe
0x77dc0000 - 0x77f64000 	C:\Windows\SYSTEM32\ntdll.dll
0x77bd0000 - 0x77cc0000 	C:\Windows\System32\KERNEL32.DLL
0x75ed0000 - 0x7610f000 	C:\Windows\System32\KERNELBASE.dll
0x744d0000 - 0x74574000 	C:\Windows\SYSTEM32\apphelp.dll
0x76900000 - 0x7697e000 	C:\Windows\System32\ADVAPI32.dll
0x777b0000 - 0x7786f000 	C:\Windows\System32\msvcrt.dll
0x76980000 - 0x769f7000 	C:\Windows\System32\sechost.dll
0x76260000 - 0x7631c000 	C:\Windows\System32\RPCRT4.dll
0x76a20000 - 0x76a39000 	C:\Windows\System32\bcrypt.dll
0x77960000 - 0x77afc000 	C:\Windows\System32\USER32.dll
0x76a00000 - 0x76a18000 	C:\Windows\System32\win32u.dll
0x77870000 - 0x77893000 	C:\Windows\System32\GDI32.dll
0x774d0000 - 0x775b5000 	C:\Windows\System32\gdi32full.dll
0x77b50000 - 0x77bcb000 	C:\Windows\System32\msvcp_win.dll
0x75db0000 - 0x75ed0000 	C:\Windows\System32\ucrtbase.dll
0x5e880000 - 0x5ea90000 	C:\Windows\WinSxS\x86_microsoft.windows.common-controls_6595b64144ccf1df_6.0.19041.4355_none_a865f0c28672571c\COMCTL32.dll
0x77d80000 - 0x77da5000 	C:\Windows\System32\IMM32.DLL
0x5e790000 - 0x5e87e000 	C:\Program Files (x86)\Amazon Corretto\jdk1.8.0_382\jre\bin\msvcr120.dll
0x5e710000 - 0x5e781000 	C:\Program Files (x86)\Amazon Corretto\jdk1.8.0_382\jre\bin\msvcp120.dll
0x5e0f0000 - 0x5e70f000 	C:\Program Files (x86)\Amazon Corretto\jdk1.8.0_382\jre\bin\server\jvm.dll
0x77d70000 - 0x77d76000 	C:\Windows\System32\PSAPI.DLL
0x756c0000 - 0x756c8000 	C:\Windows\SYSTEM32\WSOCK32.dll
0x77310000 - 0x77373000 	C:\Windows\System32\WS2_32.dll
0x60a10000 - 0x60a38000 	C:\Windows\SYSTEM32\WINMM.dll
0x756b0000 - 0x756b8000 	C:\Windows\SYSTEM32\VERSION.dll
0x70c60000 - 0x70c6d000 	C:\Program Files (x86)\Amazon Corretto\jdk1.8.0_382\jre\bin\verify.dll
0x60e80000 - 0x60ea4000 	C:\Program Files (x86)\Amazon Corretto\jdk1.8.0_382\jre\bin\java.dll
0x5e080000 - 0x5e0a9000 	C:\Program Files (x86)\Amazon Corretto\jdk1.8.0_382\jre\bin\instrument.dll
0x60e60000 - 0x60e74000 	C:\Program Files (x86)\Amazon Corretto\jdk1.8.0_382\jre\bin\zip.dll
0x76320000 - 0x768f9000 	C:\Windows\System32\SHELL32.dll
0x74fb0000 - 0x755c8000 	C:\Windows\SYSTEM32\windows.storage.dll
0x77030000 - 0x772b0000 	C:\Windows\System32\combase.dll
0x74e60000 - 0x74e85000 	C:\Windows\SYSTEM32\Wldp.dll
0x776c0000 - 0x77756000 	C:\Windows\System32\OLEAUT32.dll
0x76a60000 - 0x76ae7000 	C:\Windows\System32\SHCORE.dll
0x77760000 - 0x777a5000 	C:\Windows\System32\shlwapi.dll
0x72f10000 - 0x72f2b000 	C:\Windows\SYSTEM32\profapi.dll
0x5e060000 - 0x5e076000 	C:\Users\marya\AppData\Local\JetBrains\IntelliJ IDEA 2024.2.3\bin\breakgen.dll
0x60e40000 - 0x60e56000 	C:\Program Files (x86)\Amazon Corretto\jdk1.8.0_382\jre\bin\net.dll
0x6b0f0000 - 0x6b142000 	C:\Windows\system32\mswsock.dll
0x70c50000 - 0x70c5f000 	C:\Program Files (x86)\Amazon Corretto\jdk1.8.0_382\jre\bin\nio.dll
0x5e030000 - 0x5e051000 	C:\Users\marya\AppData\Local\Temp\jansi-2.4.1-f925dca87f04922-jansi.dll
0x5dea0000 - 0x5e028000 	C:\Windows\SYSTEM32\dbghelp.dll
0x77470000 - 0x774cf000 	C:\Windows\System32\bcryptPrimitives.dll

VM Arguments:
jvm_args: -Dmaven.multiModuleProjectDirectory=D:\Web-программирование\3 курс\lab6\lab6\demo-spring\demo-spring -Djansi.passthrough=true -Dmaven.home=C:\Users\marya\AppData\Local\JetBrains\IntelliJ IDEA 2024.2.3\plugins\maven\lib\maven3 -Dclassworlds.conf=C:\Users\marya\AppData\Local\JetBrains\IntelliJ IDEA 2024.2.3\plugins\maven\lib\maven3\bin\m2.conf -Dmaven.ext.class.path=C:\Users\marya\AppData\Local\JetBrains\IntelliJ IDEA 2024.2.3\plugins\maven\lib\maven-event-listener.jar -javaagent:C:\Users\marya\AppData\Local\JetBrains\IntelliJ IDEA 2024.2.3\lib\idea_rt.jar=52353:C:\Users\marya\AppData\Local\JetBrains\IntelliJ IDEA 2024.2.3\bin -Dfile.encoding=UTF-8 
java_command: org.codehaus.classworlds.Launcher -Didea.version=2024.2.3 org.springframework.boot:spring-boot-maven-plugin:3.4.1:run
java_class_path (initial): C:\Users\marya\AppData\Local\JetBrains\IntelliJ IDEA 2024.2.3\plugins\maven\lib\maven3\boot\plexus-classworlds-2.8.0.jar;C:\Users\marya\AppData\Local\JetBrains\IntelliJ IDEA 2024.2.3\plugins\maven\lib\maven3\boot\plexus-classworlds.license;C:\Users\marya\AppData\Local\JetBrains\IntelliJ IDEA 2024.2.3\lib\idea_rt.jar
Launcher Type: SUN_STANDARD

Environment Variables:
JAVA_HOME=C:\Program Files\Amazon Corretto\jdk17.0.12_7
PATH=C:\Program Files\Amazon Corretto\jdk17.0.12_7\bin;C:\Program Files\Microsoft MPI\Bin\;C:\Program Files (x86)\Amazon Corretto\jdk1.8.0_382\bin;C:\Windows\System32\HWAudioDriverLibs;C:\Windows\system32;C:\Windows;C:\Windows\System32\Wbem;C:\Windows\System32\WindowsPowerShell\v1.0\;C:\Windows\System32\OpenSSH\;C:\Windows\system32\config\systemprofile\AppData\Local\Microsoft\WindowsApps;C:\Program Files\dotnet\;C:\Program Files\Git\cmd;C:\Program Files\Microsoft SQL Server\150\Tools\Binn\;C:\Program Files\Microsoft SQL Server\Client SDK\ODBC\170\Tools\Binn\;C:\ProgramData\chocolatey\bin;C:\Program Files\Docker\Docker\resources\bin;C:\Program Files\Microsoft Visual Studio\2022\Community\VC\Tools\MSVC\14.29.30133\bin\HostX64\x64;C:\Program Files (x86)\Windows Kits\10\Include\10.0.19041.0\ucrt;C:\Program Files\Microsoft Visual Studio\2022\Community\VC\Tools\MSVC\14.29.30133\include;C:\Program Files\nodejs\;C:\Program Files\OpenSSL-Win64\bin;C:\Program Files\Microsoft Visual Studio\2022\Community\MSBuild\Current\Bin;C:\Program Files (x86)\Microsoft SQL Server\150\Tools\Binn\;C:\Program Files\Microsoft SQL Server\150\DTS\Binn\;C:\Program Files (x86)\Microsoft SQL Server\150\DTS\Binn\;C:\Program Files (x86)\Microsoft SQL Server\160\DTS\Binn\;C:\Program Files\MySQL\MySQL Server 8.0\bin;C:\Users\marya\AppData\Local\Microsoft\WindowsApps;C:\Users\marya\.dotnet\tools;C:\Program Files\JetBrains\IntelliJ IDEA 2023.2.5\bin;;C:\Program Files\JetBrains\PyCharm Community Edition 2023.3.3\bin;;C:\Users\marya\AppData\Roaming\npm;C:\Users\marya\AppData\Local\Programs\Microsoft VS Code\bin
USERNAME=marya
OS=Windows_NT
PROCESSOR_IDENTIFIER=Intel64 Family 6 Model 142 Stepping 12, GenuineIntel



---------------  S Y S T E M  ---------------

OS: Windows 10 , 64 bit Build 19041 (10.0.19041.5198)

CPU:total 4 (initial active 4) (2 cores per cpu, 2 threads per core) family 6 model 142 stepping 12, cmov, cx8, fxsr, mmx, sse, sse2, sse3, ssse3, sse4.1, sse4.2, popcnt, avx, avx2, aes, clmul, erms, 3dnowpref, lzcnt, ht, tsc, tscinvbit, bmi1, bmi2, adx

Memory: 4k page, physical 8218416k(1069900k free), swap 11178404k(3300k free)

vm_info: OpenJDK Server VM (25.382-b05) for windows-x86 JRE (1.8.0_382-b05), built on Jul 14 2023 20:25:29 by "Administrator" with MS VC++ 12.0 (VS2013)

time: Wed Dec 25 22:18:31 2024
timezone: Беларусь (зима)
elapsed time: 1.720298 seconds (0d 0h 0m 1s)

